\BOOKMARK [-1][]{ctitle.-1}{\376\377\127\372\116\216\173\046\123\367\220\073\217\221\166\204\167\345\213\306\126\376\214\061\210\145\121\150\173\227\154\325\170\024\172\166}{}% 1
\BOOKMARK [0][]{section*.2}{\376\377\144\130\000\040\211\201}{ctitle.-1}% 2
\BOOKMARK [0][]{section*.5}{\376\377\000\101\000\102\000\123\000\124\000\122\000\101\000\103\000\124}{ctitle.-1}% 3
\BOOKMARK [0][]{bnuchapter.1.0}{\376\377\166\356\000\040\137\125}{ctitle.-1}% 4
\BOOKMARK [0][]{chapter.1}{\376\377\173\054\000\040\000\061\000\040\172\340\000\040\000\040\176\352\213\272}{ctitle.-1}% 5
\BOOKMARK [1][-]{section.1.1}{\376\377\000\061\000\056\000\061\000\040\167\345\213\306\136\223\147\204\136\372}{chapter.1}% 6
\BOOKMARK [1][-]{section.1.2}{\376\377\000\061\000\056\000\062\000\040\167\345\213\306\136\223\136\224\165\050}{chapter.1}% 7
\BOOKMARK [1][-]{section.1.3}{\376\377\000\061\000\056\000\063\000\040\167\345\213\306\136\223\210\145\121\150\124\214\143\250\164\006}{chapter.1}% 8
\BOOKMARK [0][]{chapter.2}{\376\377\173\054\000\040\000\062\000\040\172\340\000\040\000\040\126\375\121\205\131\026\170\024\172\166\163\260\162\266}{ctitle.-1}% 9
\BOOKMARK [1][-]{section.2.1}{\376\377\000\062\000\056\000\061\000\040\127\372\116\216\210\150\171\072\133\146\116\140\166\204\167\345\213\306\136\223\210\145\121\150}{chapter.2}% 10
\BOOKMARK [2][-]{subsection.2.1.1}{\376\377\000\062\000\056\000\061\000\056\000\061\000\040\000\122\000\105\000\123\000\103\000\101\000\114}{section.2.1}% 11
\BOOKMARK [2][-]{subsection.2.1.2}{\376\377\000\062\000\056\000\061\000\056\000\062\000\040\000\124\000\162\000\141\000\156\000\163\000\105}{section.2.1}% 12
\BOOKMARK [1][-]{section.2.2}{\376\377\000\062\000\056\000\062\000\040\127\372\116\216\173\046\123\367\220\073\217\221\166\204\167\345\213\306\136\223\210\145\121\150}{chapter.2}% 13
\BOOKMARK [2][-]{subsection.2.2.1}{\376\377\000\062\000\056\000\062\000\056\000\061\000\040\211\304\122\031\143\026\143\230}{section.2.2}% 14
\BOOKMARK [2][-]{subsection.2.2.2}{\376\377\000\062\000\056\000\062\000\056\000\062\000\040\215\357\137\204\143\222\136\217\173\227\154\325}{section.2.2}% 15
\BOOKMARK [1][-]{section.2.3}{\376\377\000\062\000\056\000\063\000\040\167\345\213\306\136\223\210\145\121\150\120\107\213\276}{chapter.2}% 16
\BOOKMARK [0][]{chapter.3}{\376\377\173\054\000\040\000\063\000\040\172\340\000\040\000\040\220\073\217\221\173\046\123\367\167\345\213\306\136\223\210\145\121\150\173\227\154\325}{ctitle.-1}% 17
\BOOKMARK [1][-]{section.3.1}{\376\377\000\063\000\056\000\061\000\040\162\171\137\201\213\241\173\227}{chapter.3}% 18
\BOOKMARK [1][-]{section.3.2}{\376\377\000\063\000\056\000\062\000\040\152\041\127\213\230\204\155\113}{chapter.3}% 19
\BOOKMARK [1][-]{section.3.3}{\376\377\000\063\000\056\000\063\000\040\213\304\116\367\145\271\137\017}{chapter.3}% 20
\BOOKMARK [2][-]{subsection.3.3.1}{\376\377\000\063\000\056\000\063\000\056\000\061\000\040\136\163\127\107\121\306\170\156\163\207\000\115\000\101\000\120}{section.3.3}% 21
\BOOKMARK [2][-]{subsection.3.3.2}{\376\377\000\063\000\056\000\063\000\056\000\062\000\040\136\163\127\107\171\351\120\022\143\222\136\217\000\115\000\122\000\122}{section.3.3}% 22
\BOOKMARK [0][]{chapter.4}{\376\377\173\054\000\040\000\064\000\040\172\340\000\040\000\040\121\163\174\373\124\214\134\136\140\047\162\171\137\201\213\241\173\227}{ctitle.-1}% 23
\BOOKMARK [1][-]{section.4.1}{\376\377\000\064\000\056\000\061\000\040\121\163\174\373\215\357\137\204\162\171\137\201\213\241\173\227}{chapter.4}% 24
\BOOKMARK [2][-]{subsection.4.1.1}{\376\377\000\064\000\056\000\061\000\056\000\061\000\040\121\163\174\373\215\357\137\204\174\173\127\213\226\306\124\010}{section.4.1}% 25
\BOOKMARK [2][-]{subsection.4.1.2}{\376\377\000\064\000\056\000\061\000\056\000\062\000\040\121\163\174\373\215\357\137\204\174\173\127\213\120\074\213\241\173\227}{section.4.1}% 26
\BOOKMARK [1][-]{section.4.2}{\376\377\000\064\000\056\000\062\000\040\133\236\117\123\134\136\140\047\162\171\137\201\213\241\173\227}{chapter.4}% 27
\BOOKMARK [0][]{chapter.5}{\376\377\173\054\000\040\000\065\000\040\172\340\000\040\000\040\167\345\213\306\136\223\210\145\121\150\230\204\155\113\152\041\127\213}{ctitle.-1}% 28
\BOOKMARK [1][-]{section.5.1}{\376\377\000\065\000\056\000\061\000\040\220\073\217\221\126\336\137\122\122\006\174\173\152\041\127\213}{chapter.5}% 29
\BOOKMARK [1][-]{section.5.2}{\376\377\000\065\000\056\000\062\000\040\127\372\116\216\133\146\116\140\143\222\136\217\150\257\136\246\116\013\226\115\150\021\152\041\127\213}{chapter.5}% 30
\BOOKMARK [0][]{chapter.6}{\376\377\173\054\000\040\000\066\000\040\172\340\000\040\000\040\127\372\116\216\220\073\217\221\173\046\123\367\166\204\167\345\213\306\136\223\210\145\121\150\133\236\232\214}{ctitle.-1}% 31
\BOOKMARK [1][-]{section.6.1}{\376\377\000\066\000\056\000\061\000\040\000\131\000\101\000\107\000\117\167\345\213\306\136\223}{chapter.6}% 32
\BOOKMARK [1][-]{section.6.2}{\376\377\000\066\000\056\000\062\000\040\121\163\174\373\215\357\137\204\162\171\137\201\124\214\134\136\140\047\116\213\133\236\162\171\137\201\176\323\124\010}{chapter.6}% 33
\BOOKMARK [1][-]{section.6.3}{\376\377\000\066\000\056\000\063\000\040\127\372\116\216\133\146\116\140\143\222\136\217\166\204\167\345\213\306\136\223\210\145\121\150}{chapter.6}% 34
\BOOKMARK [0][]{section*.28}{\376\377\123\302\200\003\145\207\163\056}{ctitle.-1}% 35
\BOOKMARK [0][]{appendix.A}{\376\377\226\104\137\125\000\040\000\040\000\061\000\040\000\040\121\166\133\203\226\104\137\125}{ctitle.-1}% 36
\BOOKMARK [0][]{section*.33}{\376\377\201\364\214\042}{ctitle.-1}% 37
