This is pdfTeX, Version 3.1415926-1.40.11 (MiKTeX 2.9) (preloaded format=latex 2016.6.9)  4 OCT 2017 20:27
entering extended mode
**E:/研究生毕业论文/毕业论文/data/ack.tex
(E:/研究生毕业论文/毕业论文/data/ack.tex
LaTeX2e <2009/09/24>
Babel <v3.8l> and hyphenation patterns for loaded.

! LaTeX Error: Environment ack undefined.

See the LaTeX manual or LaTeX Companion for explanation.
Type  H <return>  for immediate help.
 ...                                              
                                                  
l.7 \begin{ack}
               
? 
! Emergency stop.
 ...                                              
                                                  
l.7 \begin{ack}
               
Your command was ignored.
Type  I <command> <return>  to replace it with another command,
or  <return>  to continue without it.

 
Here is how much of TeX's memory you used:
 9 strings out of 495363
 300 string characters out of 3184047
 44825 words of memory out of 3000000
 3273 multiletter control sequences out of 15000+200000
 3640 words of font info for 14 fonts, out of 3000000 for 9000
 14 hyphenation exceptions out of 8191
 5i,0n,4p,68b,16s stack positions out of 5000i,500n,10000p,200000b,50000s
No pages of output.
