This is pdfTeX, Version 3.1415926-1.40.11 (MiKTeX 2.9) (preloaded format=latex 2016.6.9)  5 OCT 2017 20:20
entering extended mode
**E:/ÑĞ¾¿Éú±ÏÒµÂÛÎÄ/±ÏÒµÂÛÎÄ/data/chap01.tex
(E:/ÑĞ¾¿Éú±ÏÒµÂÛÎÄ/±ÏÒµÂÛÎÄ/data/chap01.tex
LaTeX2e <2009/09/24>
Babel <v3.8l> and hyphenation patterns for loaded.
! Undefined control sequence.
l.7 \chapter
            {å¸¦ English çš„æ ‡é¢˜}
? 
! Emergency stop.
l.7 \chapter
            {å¸¦ English çš„æ ‡é¢˜}
End of file on the terminal!

 
Here is how much of TeX's memory you used:
 7 strings out of 495363
 178 string characters out of 3184047
 44825 words of memory out of 3000000
 3272 multiletter control sequences out of 15000+200000
 3640 words of font info for 14 fonts, out of 3000000 for 9000
 14 hyphenation exceptions out of 8191
 5i,0n,1p,77b,8s stack positions out of 5000i,500n,10000p,200000b,50000s
No pages of output.
