This is pdfTeX, Version 3.1415926-1.40.11 (MiKTeX 2.9) (preloaded format=latex 2016.6.9)  4 OCT 2017 22:42
entering extended mode
**E:/ÑĞ¾¿Éú±ÏÒµÂÛÎÄ/±ÏÒµÂÛÎÄ/data/chap02.tex
(E:/ÑĞ¾¿Éú±ÏÒµÂÛÎÄ/±ÏÒµÂÛÎÄ/data/chap02.tex
LaTeX2e <2009/09/24>
Babel <v3.8l> and hyphenation patterns for loaded.
! Undefined control sequence.
l.7 \chapter
            {ä¸­åäººæ°‘å…±å’Œå›½}
? 

! LaTeX Error: Missing \begin{document}.

See the LaTeX manual or LaTeX Companion for explanation.
Type  H <return>  for immediate help.
 ...                                              
                                                  
l.7 \chapter{ä
              ¸­åäººæ°‘å…±å’Œå›½}
? 
! Emergency stop.
 ...                                              
                                                  
l.7 \chapter{ä
              ¸­åäººæ°‘å…±å’Œå›½}
You're in trouble here.  Try typing  <return>  to proceed.
If that doesn't work, type  X <return>  to quit.

 
Here is how much of TeX's memory you used:
 8 strings out of 495363
 311 string characters out of 3184047
 44825 words of memory out of 3000000
 3272 multiletter control sequences out of 15000+200000
 3640 words of font info for 14 fonts, out of 3000000 for 9000
 14 hyphenation exceptions out of 8191
 6i,0n,4p,77b,16s stack positions out of 5000i,500n,10000p,200000b,50000s
No pages of output.
